<?xml version="1.0" encoding="UTF-8"?>
<!-- Generated by org.testng.reporters.JUnitXMLReporter -->
<testsuite ignored="0" hostname="ASHWIN" failures="0" tests="1" name="Test" time="4.342" errors="0" timestamp="2023-06-20T14:57:42 IST">
  <testcase classname="com.actitime.generic.Baseclass" name="@BeforeMethod login" time="0.001">
    <failure type="java.io.FileNotFoundException" message=".\data\commondata.property (The system cannot find the file specified)">
      <![CDATA[java.io.FileNotFoundException: .\data\commondata.property (The system cannot find the file specified)
at java.base/java.io.FileInputStream.open0(Native Method)
at java.base/java.io.FileInputStream.open(FileInputStream.java:219)
at java.base/java.io.FileInputStream.<init>(FileInputStream.java:158)
at java.base/java.io.FileInputStream.<init>(FileInputStream.java:112)
at com.actitime.generic.FileLibClass.getPropertyData(FileLibClass.java:15)
at com.actitime.generic.Baseclass.login(Baseclass.java:36)
at java.base/java.util.ArrayList.forEach(ArrayList.java:1511)
... Removed 29 stack frames]]>
    </failure>
  </testcase> <!-- @BeforeMethod login -->
  <testcase classname="com.actitime.generic.Baseclass" name="@AfterMethod logout" time="0.0">
    <skipped/>
  </testcase> <!-- @AfterMethod logout -->
  <testcase classname="com.actitime.generic.Baseclass" name="@AfterClass closeBrowser" time="0.0">
    <skipped/>
  </testcase> <!-- @AfterClass closeBrowser -->
  <testcase classname="com.actitime.testscript.CustomerModule" name="createCustomer" time="0.0">
    <skipped/>
  </testcase> <!-- createCustomer -->
</testsuite> <!-- Test -->
